Date            	M01	M02	M03	M04	M05	M06	M07	M08	M09	M10	M12	M13	M14	M15	M16	M17	P01	P02	P03	
2012-11-05 15:20	01	03	01	20	--	11	11	28	15	10	04	06	02	27	08	07	10	02	
2012-11-05 15:30	02	01	05	24	--	13	17	28	13	12	06	05	04	30	07	08	09	02	
2012-11-05 15:40	03	01	08	26	--	13	16	27	10	16	08	06	04	37	05	01	07	08	05	
2012-11-05 15:50	05	01	09	20	--	07	21	33	04	21	10	07	02	24	15	01	12	08	11	
2012-11-05 16:00	09	05	10	11	--	07	20	34	02	21	09	08	08	30	17	03	14	13	12	
2012-11-05 16:10	12	07	10	17	--	07	15	34	03	22	13	06	11	30	21	06	12	15	13	
2012-11-05 16:20	12	11	09	15	--	14	15	28	03	27	14	03	10	22	24	05	19	07	14	
2012-11-05 16:30	15	11	11	16	--	16	16	27	04	26	12	02	07	23	24	03	21	09	13	
2012-11-05 16:40	14	08	10	15	--	26	22	12	11	19	12	02	01	19	11	23	11	04	
2012-11-05 16:50	13	06	01	15	--	27	26	19	12	18	15	05	03	20	06	22	12	03	
2012-11-05 17:00	11	16	13	16	--	24	21	21	15	12	16	14	01	09	05	20	02	06	
2012-11-05 20:40	--	--	--	--	--	--	--	--	--	--	--	--	--	--	--	--	--	--	--	
2012-11-05 20:50	--	--	--	--	--	--	--	--	--	--	--	--	--	--	--	--	--	--	--	
2012-11-05 21:00	--	--	--	--	--	--	--	--	--	--	--	--	--	--	--	--	--	--	--	
2012-11-05 21:10	--	--	--	--	--	--	--	--	--	--	--	--	--	--	--	--	--	--	--	
2012-11-05 21:20	--	--	--	--	--	--	--	--	--	--	--	--	--	--	--	--	--	--	--	
2012-11-05 21:30	--	--	--	--	--	--	--	--	--	--	--	--	--	--	--	--	--	--	--	
2012-11-06 09:00	07	01	06	--	02	09	07	05	09	02	02	10	02	17	
2012-11-06 09:10	06	01	01	--	04	01	14	02	01	09	02	08	04	11	09	02	08	
2012-11-06 09:20	07	01	01	05	--	02	01	17	04	01	07	02	04	02	04	09	04	08	
2012-11-06 09:30	06	01	05	--	06	04	15	06	09	05	04	03	03	10	02	08	
2012-11-06 09:40	02	06	11	--	09	09	15	07	01	06	10	04	03	05	09	03	01	08	
2012-11-06 09:50	09	03	03	09	--	12	15	20	06	02	08	12	04	05	05	10	07	05	09	
2012-11-06 10:00	11	12	02	12	--	12	18	28	11	08	11	14	05	04	04	04	07	10	09	
2012-11-06 10:10	09	09	04	05	--	08	18	33	10	10	07	13	07	08	04	01	07	14	08	
2012-11-06 10:20	07	08	05	02	--	09	19	33	09	12	07	13	10	08	06	02	08	16	10	
2012-11-06 10:30	07	02	05	02	--	07	17	35	05	09	12	10	07	18	15	07	17	15	14	
2012-11-06 10:40	12	04	05	04	--	10	19	37	04	10	08	11	07	19	23	06	21	17	14	
2012-11-06 10:50	13	03	04	06	--	09	15	34	05	13	09	15	07	21	16	12	26	19	16	
2012-11-06 11:00	12	08	04	07	--	04	18	30	07	14	10	18	08	13	18	10	25	19	18	
2012-11-06 11:10	19	11	03	12	--	07	23	35	08	16	08	16	10	12	19	09	22	20	18	
2012-11-06 11:20	24	09	06	06	--	07	34	34	12	17	04	17	13	14	14	15	20	19	13	
2012-11-06 11:30	21	09	10	06	--	03	24	40	09	18	08	17	18	15	17	11	19	17	11	
2012-11-06 11:40	26	07	04	05	--	02	21	25	07	19	06	16	22	09	20	13	15	19	10	
2012-11-06 11:50	21	07	05	--	03	18	29	02	21	06	15	27	07	19	10	16	17	10	
2012-11-06 12:00	14	02	06	10	--	02	17	28	03	24	06	13	28	06	14	10	15	13	08	
2012-11-06 12:10	09	02	06	09	--	04	15	22	05	19	04	13	31	02	11	11	10	12	13	
2012-11-06 12:20	08	04	10	--	03	19	15	08	18	04	14	26	08	07	08	13	12	17	
2012-11-06 12:30	02	04	05	05	--	09	21	24	10	16	14	13	04	05	08	07	16	
2012-11-06 12:40	02	05	05	--	10	20	26	15	15	01	17	15	11	01	05	07	14	
2012-11-06 12:50	05	05	03	--	12	24	25	13	16	01	04	02	16	01	04	04	12	
2012-11-06 13:00	01	07	04	03	--	21	22	22	10	12	01	03	16	03	10	
2012-11-06 13:10	03	13	05	--	04	13	22	03	09	02	03	07	30	03	02	04	13	
2012-11-06 13:20	07	05	10	--	04	14	22	02	02	02	03	08	21	12	06	05	12	
2012-11-06 13:30	05	03	01	10	--	02	11	--	02	01	02	01	03	08	16	14	07	05	18	
2012-11-06 13:40	05	02	03	11	--	03	08	02	05	07	04	04	09	08	11	05	16	
2012-11-06 13:50	07	04	06	--	07	07	19	08	08	12	07	05	08	02	05	13	06	15	
2012-11-06 14:00	06	04	02	06	--	08	06	17	08	13	02	03	10	06	09	13	09	25	
2012-11-06 14:10	11	06	01	07	--	06	06	22	01	06	14	01	01	10	23	15	12	12	18	
2012-11-06 14:20	10	03	01	07	--	05	07	19	04	11	13	03	05	06	14	07	09	15	
2012-11-06 14:30	11	06	04	05	--	04	03	18	07	13	13	04	11	05	07	06	10	07	
2012-11-06 14:40	08	12	07	06	--	03	08	12	07	16	11	01	02	09	01	07	07	12	03	
2012-11-06 14:50	10	10	07	07	--	09	11	08	14	10	02	08	05	09	07	13	04	
2012-11-06 15:00	06	15	14	--	09	18	06	13	05	05	08	14	12	07	13	13	
2012-11-06 15:10	06	10	12	03	--	08	07	06	12	08	07	06	10	08	01	12	11	
2012-11-06 15:20	07	03	10	05	--	01	04	09	08	15	06	12	03	15	01	04	19	11	
2012-11-06 15:30	09	04	13	02	--	06	02	06	11	17	11	07	04	05	14	03	06	19	11	
2012-11-06 15:40	13	05	14	06	--	05	05	06	08	16	10	01	05	05	13	08	14	14	
2012-11-06 15:50	08	02	17	08	--	05	08	08	02	15	01	02	02	11	12	01	09	12	11	
2012-11-06 16:00	06	01	13	09	--	06	07	13	02	15	04	07	14	04	08	07	12	
2012-11-06 16:10	12	24	08	--	13	10	24	01	18	06	03	03	05	16	05	08	08	15	
2012-11-06 16:20	14	01	14	02	--	13	06	20	04	11	03	06	01	05	07	04	10	09	13	
2012-11-06 16:30	20	06	16	02	--	18	06	19	05	05	06	10	02	06	06	05	07	08	11	
2012-11-06 16:40	19	03	17	01	--	19	05	14	02	08	12	02	06	11	06	06	09	13	
2012-11-06 16:50	16	03	14	01	--	19	07	13	02	10	07	14	06	07	10	16	
2012-11-06 17:00	06	05	02	03	--	26	08	10	05	07	14	06	12	01	06	06	18	
2012-11-07 09:00	04	01	06	--	03	06	04	02	14	04	01	01	06	01	01	
2012-11-07 09:10	05	02	01	04	--	07	05	02	02	10	08	03	04	03	
2012-11-07 09:20	02	04	02	07	--	05	03	07	06	03	11	05	05	03	03	01	
2012-11-07 09:30	03	04	01	13	--	02	07	10	01	06	15	06	02	05	01	03	03	
2012-11-07 09:40	05	03	02	17	--	03	06	10	06	14	02	02	09	02	02	07	03	
2012-11-07 09:50	05	01	05	15	--	08	07	10	02	05	03	13	02	02	12	06	01	10	09	
2012-11-07 10:00	07	10	08	14	--	15	07	15	02	05	03	12	06	06	15	08	07	13	13	
2012-11-07 10:10	08	13	12	14	--	16	09	15	01	10	01	13	08	07	15	05	10	14	20	
2012-11-07 10:20	11	20	11	13	--	11	08	14	14	05	10	09	07	14	14	11	16	22	
2012-11-07 10:30	13	11	07	09	--	04	08	16	01	10	02	09	04	07	13	09	10	16	24	
2012-11-07 10:40	13	09	06	07	--	05	10	16	05	07	03	10	01	07	17	12	13	15	27	
2012-11-07 10:50	08	18	03	07	--	05	11	20	07	04	06	08	12	18	--	14	15	21	
2012-11-07 11:00	06	15	04	11	--	08	10	25	10	04	08	11	13	13	13	15	23	
2012-11-07 11:10	02	14	09	09	--	08	08	27	16	09	11	01	15	06	03	16	13	30	
2012-11-07 11:20	07	14	06	06	--	06	15	26	16	01	09	01	13	08	04	12	15	31	
2012-11-07 11:30	06	10	06	--	10	30	18	06	13	12	05	04	11	13	29	
2012-11-07 11:40	05	13	03	05	--	04	07	29	21	04	19	10	01	13	06	04	09	13	22	
2012-11-07 11:50	06	13	03	04	--	05	11	26	19	04	19	13	04	09	04	08	06	16	20	
2012-11-07 12:00	13	17	01	--	09	14	25	16	03	18	10	04	11	05	06	17	23	
2012-11-07 12:10	17	12	05	--	07	13	26	05	01	12	02	03	11	02	06	20	25	
2012-11-07 12:20	10	10	08	--	03	04	19	07	13	04	06	08	05	05	11	16	25	
2012-11-07 12:30	12	02	06	--	08	15	23	08	02	13	04	07	09	05	12	08	21	
2012-11-07 12:40	15	10	--	08	05	16	07	02	10	05	08	02	10	11	10	05	25	
2012-11-07 12:50	14	01	01	10	--	11	05	20	05	13	11	09	01	12	11	08	07	26	
2012-11-07 13:00	13	04	10	--	09	11	20	01	02	14	12	02	17	06	09	03	26	
2012-11-07 13:10	14	07	08	--	26	10	22	01	02	02	17	11	04	12	10	05	02	22	
2012-11-07 13:20	25	01	06	07	--	02	08	21	01	05	06	16	08	06	06	15	01	07	10	
2012-11-07 13:30	24	04	05	02	--	13	15	01	09	05	14	04	04	03	16	10	12	
2012-11-07 13:40	16	04	04	--	02	10	16	02	09	09	19	10	02	03	10	03	08	13	
2012-11-07 13:50	16	04	02	05	--	07	11	19	06	11	06	13	09	04	06	08	02	11	13	
2012-11-07 14:00	18	01	07	06	--	02	07	23	04	15	05	08	09	08	04	09	02	07	05	
2012-11-07 14:10	18	02	09	03	--	08	21	04	20	06	14	07	01	03	08	06	02	01	
2012-11-07 14:20	14	04	--	13	18	03	21	03	11	03	03	23	02	05	02	03	
2012-11-07 14:30	11	02	01	02	--	01	17	21	04	21	01	10	12	05	13	06	02	
2012-11-07 14:40	17	03	03	--	03	17	11	04	20	04	13	16	05	04	02	10	01	05	
2012-11-07 14:50	10	06	04	03	--	09	12	09	06	12	04	16	07	11	07	07	12	01	07	
2012-11-07 15:00	13	01	04	01	--	15	10	09	04	16	03	11	13	11	09	07	10	01	07	
2012-11-07 15:10	11	02	04	01	--	15	07	06	07	19	07	15	06	07	04	01	11	01	15	
2012-11-07 15:20	18	04	01	02	--	09	06	07	18	22	13	18	17	02	05	09	16	
2012-11-07 15:30	03	11	02	--	10	14	14	14	23	11	11	12	01	07	16	07	13	
2012-11-07 15:40	04	07	01	--	17	14	10	10	20	11	05	06	03	11	17	05	14	
2012-11-07 15:50	08	14	01	04	--	16	17	11	04	22	14	07	07	03	16	16	05	13	
2012-11-07 16:00	04	11	03	05	--	11	14	14	02	15	18	11	09	06	17	11	09	02	04	
2012-11-07 16:10	01	15	05	09	--	13	13	22	01	17	11	07	03	18	02	06	01	01	
2012-11-07 16:20	06	05	14	--	07	10	16	22	15	03	09	02	08	03	
2012-11-08 08:50	16	15	01	--	01	08	20	17	04	02	02	01	06	03	
2012-11-08 09:00	18	14	02	--	03	20	16	04	01	04	11	01	02	02	
2012-11-08 09:10	20	09	04	03	--	03	28	16	01	02	04	10	04	04	03	
2012-11-08 09:20	18	07	03	--	01	02	23	08	04	05	03	15	03	06	02	01	
2012-11-08 09:30	20	10	01	--	07	17	05	07	06	02	01	11	05	10	04	03	02	
2012-11-08 09:40	18	07	01	--	01	13	05	09	09	04	05	12	06	09	07	02	05	
2012-11-08 09:50	21	02	01	--	08	10	15	10	07	11	01	11	15	09	03	02	02	
2012-11-08 10:00	20	02	01	--	11	09	15	10	12	06	12	16	10	02	03	01	
2012-11-08 10:10	15	01	14	--	09	10	14	10	07	09	03	--	17	12	01	04	03	05	
2012-11-08 10:20	14	--	07	--	01	10	17	17	08	08	09	08	19	07	01	05	02	
2012-11-08 10:30	09	--	05	--	02	09	11	19	08	07	13	09	21	04	02	10	01	01	
2012-11-08 10:40	12	05	--	03	10	19	20	03	14	12	20	05	03	10	01	03	
2012-11-08 10:50	12	01	09	--	05	11	17	26	17	04	18	12	18	11	02	05	
2012-11-08 11:00	13	11	--	06	12	21	23	22	08	15	11	24	13	05	03	
2012-11-08 11:10	12	02	--	07	--	06	14	23	22	16	09	10	10	25	06	16	07	04	
2012-11-08 11:20	09	05	02	--	10	11	24	19	18	08	14	04	19	09	02	16	09	02	
2012-11-08 11:30	04	02	03	--	05	12	29	09	17	05	12	07	17	11	02	15	11	03	
2012-11-08 11:40	01	05	--	--	08	12	33	05	13	13	10	08	19	09	10	16	10	03	
2012-11-08 11:50	06	09	01	--	02	13	37	05	12	13	13	04	17	10	08	14	08	02	
2012-11-08 12:00	04	09	05	--	08	11	35	07	13	05	14	14	17	12	17	05	05	
2012-11-08 12:10	04	08	--	05	--	09	09	39	14	17	13	04	18	12	02	18	04	03	
2012-11-08 12:20	08	09	--	04	--	21	08	39	06	11	16	05	08	22	04	05	12	01	
2012-11-08 12:30	08	09	--	03	--	08	08	34	08	13	09	07	06	30	02	17	12	01	
2012-11-08 12:40	08	12	--	05	--	05	06	32	09	15	04	08	08	29	04	18	08	01	
2012-11-08 12:50	11	10	--	06	--	06	36	13	14	09	12	32	09	16	07	
2012-11-08 13:00	05	01	--	08	--	03	01	33	14	16	01	06	29	07	10	01	06	
2012-11-08 13:10	04	04	--	10	--	12	04	11	11	19	01	06	02	28	07	04	05	
2012-11-08 13:20	01	03	--	05	--	09	06	18	10	15	01	09	01	24	03	06	04	
2012-11-08 13:30	03	01	--	03	--	08	09	31	11	10	09	27	01	04	
2012-11-08 13:40	05	03	--	03	--	11	10	24	12	09	07	07	29	01	04	02	06	
2012-11-08 13:50	04	03	--	02	--	09	12	19	07	06	02	04	29	01	08	03	01	
2012-11-08 14:00	04	02	--	01	--	05	10	23	06	07	01	04	07	22	05	01	05	04	
2012-11-08 14:10	07	02	02	--	06	08	27	06	04	02	07	06	15	04	05	07	
2012-11-08 14:20	05	01	--	10	06	22	08	07	01	06	04	18	01	32	08	11	
2012-11-08 14:30	04	02	--	10	09	26	09	11	02	04	24	03	23	08	15	
2012-11-08 14:40	07	03	--	03	08	16	07	17	06	03	07	07	01	01	04	07	10	
2012-11-08 14:50	08	05	--	10	06	41	08	19	01	10	15	04	07	02	15	
2012-11-08 15:00	10	04	--	11	12	38	14	14	01	05	12	11	01	12	02	17	
2012-11-08 15:10	12	04	--	11	17	25	11	04	01	19	12	09	02	20	
2012-11-08 15:20	13	02	--	13	13	17	04	04	02	24	12	03	05	03	21	
2012-11-08 15:30	15	01	--	14	19	09	07	02	03	02	12	09	02	01	22	03	21	
2012-11-08 15:40	20	01	01	--	24	17	15	09	04	06	05	08	13	05	06	04	18	
2012-11-08 15:50	19	04	--	16	18	19	06	10	06	07	14	06	01	05	03	18	
2012-11-08 16:00	17	01	--	03	10	24	09	16	09	04	11	02	06	05	13	
2012-11-08 16:10	13	01	01	--	04	04	18	10	12	12	02	09	05	11	16	
2012-11-08 16:20	01	01	01	--	07	29	01	09	10	15	08	01	07	11	20	
2012-11-08 16:30	02	03	01	03	--	09	23	03	03	08	21	06	05	02	11	01	13	21	
2012-11-08 16:40	04	02	07	--	03	10	19	07	01	02	24	04	08	02	13	18	
2012-11-08 20:20	--	--	--	--	--	--	--	--	--	--	--	--	--	--	--	--	--	--	--	
2012-11-08 20:30	--	--	--	--	--	--	--	--	--	--	--	--	--	--	--	--	--	--	--	
2012-11-08 20:40	--	--	--	--	--	--	--	--	--	--	--	--	--	--	--	--	--	--	--	
2012-11-08 20:50	--	--	--	--	--	--	--	--	--	--	--	--	--	--	--	--	--	--	--	
2012-11-08 21:00	--	--	--	--	--	--	--	--	--	--	--	--	--	--	--	--	--	--	--	
2012-11-08 21:10	--	--	--	--	--	--	--	--	--	--	--	--	--	--	--	--	--	--	--	
2012-11-08 21:20	--	--	--	--	--	--	--	--	--	--	--	--	--	--	--	--	--	--	--	
2012-11-08 21:30	--	--	--	--	--	--	--	--	--	--	--	--	--	--	--	--	--	--	--	
2012-11-08 21:40	--	--	--	--	--	--	--	--	--	--	--	--	--	--	--	--	--	--	--	
2012-11-08 21:50	--	--	--	--	--	--	--	--	--	--	--	--	--	--	--	--	--	--	--	
2012-11-08 22:00	--	--	--	--	--	--	--	--	--	--	--	--	--	--	--	--	--	--	--	
2012-11-09 08:50	06	01	01	02	--	02	05	03	03	06	17	08	07	09	09	01	
2012-11-09 09:00	09	07	06	02	--	01	05	01	01	03	12	01	10	11	06	05	11	03	
2012-11-09 09:10	05	06	05	02	--	02	08	01	05	07	16	01	21	10	05	08	04	
2012-11-09 09:20	01	07	07	03	--	04	13	04	08	11	21	06	04	05	18	09	04	07	06	
2012-11-09 09:30	02	08	03	02	--	03	11	09	05	08	22	12	09	04	09	07	02	11	11	
2012-11-09 09:40	02	11	08	--	07	07	09	05	17	13	07	04	13	09	07	10	12	
2012-11-09 09:50	08	12	01	12	--	04	03	04	08	20	09	04	02	16	07	05	11	10	
2012-11-09 10:00	07	13	07	12	--	09	04	05	12	12	01	07	01	15	05	03	15	17	
2012-11-09 10:10	06	18	09	13	--	08	05	12	17	13	07	05	13	08	05	14	17	
2012-11-09 10:20	10	17	12	15	--	07	07	09	19	11	02	10	04	11	09	08	13	19	
2012-11-09 10:30	11	18	12	11	--	03	08	08	10	18	09	01	10	07	11	11	04	15	25	
2012-11-09 10:40	13	20	11	09	--	11	09	13	15	14	07	10	09	13	08	13	19	
2012-11-09 10:50	18	21	12	05	--	01	09	10	14	14	14	02	06	14	11	10	12	17	
2012-11-09 11:00	14	17	17	06	--	08	07	17	12	08	07	04	16	06	15	07	14	24	
2012-11-09 11:10	13	14	03	--	02	09	01	17	10	10	10	02	14	03	09	05	14	25	
2012-11-09 11:20	16	14	03	--	03	10	02	12	13	08	12	04	13	06	06	03	16	29	
2012-11-09 11:30	16	15	09	--	02	12	05	15	11	09	12	04	11	17	06	04	16	23	
2012-11-09 11:40	15	11	07	11	--	03	14	06	14	09	13	16	08	12	11	05	15	22	
2012-11-09 11:50	13	07	09	10	--	15	06	13	09	09	15	11	13	14	03	12	22	
2012-11-09 12:00	19	04	16	11	--	01	24	03	12	09	03	10	01	05	11	13	07	12	23	
2012-11-09 12:10	09	01	13	14	--	02	21	02	14	07	09	04	09	10	12	08	25	
2012-11-09 12:20	07	13	16	--	04	18	05	21	06	02	12	03	01	13	06	10	09	25	
2012-11-12 15:40	10	04	03	--	12	02	07	01	11	10	03	04	01	03	11	
2012-11-12 16:40	05	01	06	--	09	11	03	07	04	21	06	02	03	
2012-11-12 16:50	01	06	--	15	07	06	12	05	03	04	
2012-11-12 17:00	07	03	--	09	03	01	08	01	02	10	03	08	01	
2012-11-12 17:10	04	01	--	01	05	03	01	03	01	07	02	08	02	
2012-11-13 08:50	07	06	07	--	01	08	12	02	14	04	04	03	06	
2012-11-13 09:00	10	01	02	06	--	08	01	02	09	01	17	01	06	20	06	03	05	06	
2012-11-13 09:10	08	08	02	08	--	09	02	10	20	03	11	25	04	04	09	07	
2012-11-13 09:20	08	07	02	10	--	14	02	06	14	25	02	15	21	23	03	06	07	03	
2012-11-13 09:30	10	09	06	14	--	14	06	07	14	02	22	12	17	19	03	11	06	
2012-11-13 09:40	12	09	07	14	--	11	09	05	18	05	24	15	15	01	10	03	14	03	
2012-11-13 09:50	14	17	09	12	--	12	15	10	18	08	15	01	17	16	03	12	04	14	04	
2012-11-13 10:00	17	22	13	17	--	10	16	16	14	13	18	04	24	10	07	11	03	14	06	
2012-11-13 10:10	16	17	18	17	--	11	17	19	18	09	27	07	21	16	12	09	05	14	07	
2012-11-13 10:30	15	20	18	19	--	21	16	19	25	12	19	04	21	24	17	04	09	14	11	
2012-11-13 10:40	14	16	17	20	--	18	16	26	28	16	13	03	20	22	20	14	10	16	13	
2012-11-13 10:50	13	16	19	24	--	16	12	25	37	19	12	05	15	22	17	12	13	17	12	
2012-11-13 11:00	12	27	17	24	--	17	07	18	40	19	09	05	13	17	20	07	10	21	09	
2012-11-13 11:10	13	26	12	30	--	16	11	14	37	20	08	11	16	12	15	05	11	27	11	
2012-11-13 11:20	17	31	09	26	--	17	12	26	37	21	05	17	17	14	14	14	14	28	13	
2012-11-13 11:30	18	24	11	23	--	24	14	27	35	22	02	12	19	18	14	15	15	27	10	
2012-11-13 11:40	18	11	13	16	--	04	12	29	32	18	13	16	16	16	13	15	29	06	
2012-11-13 11:50	10	07	21	12	--	09	10	25	28	18	02	14	18	15	12	13	11	28	01	
2012-11-13 12:00	13	23	16	12	--	04	11	25	28	19	12	11	14	17	14	13	08	25	02	
2012-11-13 12:10	12	26	15	17	--	01	18	35	28	16	12	10	22	13	11	15	07	25	01	
2012-11-13 12:20	17	20	16	16	--	05	14	34	21	15	11	11	20	14	05	11	07	30	03	
2012-11-13 12:30	15	23	15	05	--	08	13	37	13	13	10	12	17	16	07	05	07	27	05	
2012-11-13 12:40	11	13	16	10	--	08	12	35	12	12	14	12	13	11	04	03	05	18	09	
2012-11-13 12:50	12	16	14	05	--	06	13	24	20	15	17	11	09	07	20	01	06	20	10	
2012-11-13 13:00	14	14	07	12	--	02	13	15	19	14	17	11	03	07	03	08	07	16	11	
2012-11-13 13:10	16	12	11	09	--	02	15	13	14	17	24	10	05	08	03	09	08	19	12	
2012-11-13 13:20	19	19	05	10	--	05	14	11	11	14	23	09	05	07	02	13	07	18	12	
2012-11-13 13:30	15	05	12	13	--	06	09	09	11	07	14	10	10	01	10	05	14	11	
2012-11-13 13:40	19	09	11	17	--	01	01	09	17	06	15	11	15	02	17	08	05	13	11	
2012-11-13 14:10	17	02	20	21	--	02	05	16	18	05	16	16	03	07	20	08	04	19	01	
2012-11-13 14:30	06	08	06	07	--	05	08	13	10	06	03	11	13	16	07	06	15	03	
2012-11-13 14:40	15	10	07	07	--	10	07	14	10	08	04	11	13	15	06	09	12	03	
2012-11-13 14:50	11	12	05	08	--	12	05	16	09	10	11	09	02	13	11	04	11	14	08	
2012-11-13 15:00	13	19	03	04	--	03	06	09	08	14	08	09	06	14	12	08	09	15	15	
2012-11-13 15:10	13	16	05	03	--	03	06	14	07	13	08	09	05	11	11	07	10	18	16	
2012-11-13 15:20	08	16	08	04	--	06	14	08	07	15	02	11	11	09	07	08	18	25	
2012-11-13 15:30	08	14	10	08	--	07	16	09	08	11	04	10	13	06	04	09	20	22	
2012-11-13 15:40	11	05	10	05	--	03	06	20	10	14	04	07	09	15	08	10	09	15	24	
